[2016-06-03 08:28:30] START
[2016-06-03 08:28:46] CREATE scheduer.py: 0
[2016-06-03 08:30:10] EDIT sctest/controllers/default.py: 3
[2016-06-03 08:30:48] EDIT sctest/models/scheduer.py: 2
[2016-06-03 08:31:33] EDIT sctest/private/appconfig.ini: 0
[2016-06-03 08:31:47] EDIT sctest/models/scheduer.py: 0
[2016-06-03 08:31:47] EDIT sctest/models/scheduer.py: 0
[2016-06-03 08:32:21] EDIT sctest/models/scheduer.py: 1
[2016-06-03 08:32:24] EDIT sctest/models/scheduer.py: 0
[2016-06-03 09:40:18] EDIT sctest/models/scheduer.py: 0
[2016-06-03 09:41:49] EDIT sctest/models/scheduer.py: 8
[2016-06-03 09:48:12] EDIT sctest/models/scheduer.py: 5
[2016-06-03 09:51:34] EDIT sctest/controllers/default.py: 0
[2016-06-03 09:52:55] EDIT sctest/controllers/default.py: -1
[2016-06-03 09:54:31] EDIT sctest/models/scheduer.py: 3
[2016-06-03 09:54:54] EDIT sctest/models/scheduer.py: 0
[2016-06-03 09:55:04] EDIT sctest/models/scheduer.py: 0
[2016-06-03 09:55:21] EDIT sctest/models/scheduer.py: 0
[2016-06-03 09:56:52] EDIT sctest/models/scheduer.py: 3
[2016-06-03 09:56:55] EDIT sctest/models/scheduer.py: 0
[2016-06-03 10:17:53] EDIT sctest/controllers/default.py: 1
[2016-06-03 10:18:20] EDIT sctest/views/default/index.html: -45
[2016-06-03 10:19:40] EDIT sctest/models/scheduer.py: 0
[2016-06-03 10:19:55] EDIT sctest/models/scheduer.py: 0
[2016-06-03 10:22:00] EDIT sctest/views/default/index.html: 0
[2016-06-03 10:22:55] EDIT sctest/controllers/default.py: 0
[2016-06-03 10:24:58] EDIT sctest/views/default/index.html: 0
[2016-06-03 10:25:46] EDIT sctest/views/default/index.html: 0
[2016-06-03 10:26:39] EDIT sctest/views/default/index.html: 0
[2016-06-03 10:26:45] EDIT sctest/views/default/index.html: 1
[2016-06-03 10:27:33] EDIT sctest/views/default/index.html: 0
[2016-06-03 10:28:33] EDIT sctest/views/default/index.html: 0
[2016-06-03 10:29:03] EDIT sctest/controllers/default.py: 0
[2016-06-03 10:29:06] EDIT sctest/controllers/default.py: 0
[2016-06-03 10:29:23] EDIT sctest/controllers/default.py: 0
[2016-06-03 10:29:34] EDIT sctest/views/default/index.html: 0
[2016-06-03 10:29:49] EDIT sctest/views/default/index.html: 0
[2016-06-03 10:30:54] EDIT sctest/views/default/index.html: 0
[2016-06-03 10:31:09] EDIT sctest/controllers/default.py: 0
[2016-06-03 10:31:15] EDIT sctest/controllers/default.py: 0
[2016-06-03 10:31:17] EDIT sctest/controllers/default.py: 0
[2016-06-03 10:32:58] EDIT sctest/views/default/index.html: 0
[2016-06-03 10:33:19] EDIT sctest/views/default/index.html: 0
[2016-06-03 10:33:52] EDIT sctest/views/default/index.html: 0
[2016-06-03 10:35:12] EDIT sctest/views/default/index.html: 0
[2016-06-03 10:35:22] EDIT sctest/views/default/index.html: 0
[2016-06-03 10:35:44] EDIT sctest/views/default/index.html: 0
[2016-06-03 10:36:03] EDIT sctest/views/default/index.html: 0
[2016-06-03 10:36:09] EDIT sctest/controllers/default.py: 0
[2016-06-03 10:37:00] EDIT sctest/views/default/index.html: 0
[2016-06-03 10:37:24] EDIT sctest/controllers/default.py: 0
[2016-06-03 10:38:13] EDIT sctest/views/default/index.html: 0
[2016-06-03 10:38:36] EDIT sctest/controllers/default.py: 0
[2016-06-03 10:38:53] EDIT sctest/controllers/default.py: 0
[2016-06-03 10:41:03] EDIT sctest/views/default/index.html: 0
[2016-06-03 10:41:59] EDIT sctest/controllers/default.py: 0
[2016-06-03 10:43:27] EDIT sctest/controllers/default.py: 0
[2016-06-03 10:43:54] EDIT sctest/controllers/default.py: 0
[2016-06-03 10:43:59] EDIT sctest/controllers/default.py: 0
[2016-06-03 10:50:09] EDIT sctest/controllers/default.py: 0
[2016-06-03 10:52:07] EDIT sctest/views/default/index.html: 0
[2016-06-03 10:53:14] EDIT sctest/controllers/default.py: 3
[2016-06-03 10:53:31] EDIT sctest/controllers/default.py: 0
[2016-06-03 10:56:56] EDIT sctest/views/default/index.html: 0
[2016-06-03 10:57:05] EDIT sctest/views/default/index.html: 0
[2016-06-03 10:57:25] EDIT sctest/views/default/index.html: 0
[2016-06-03 10:59:15] EDIT sctest/controllers/default.py: 2
[2016-06-03 11:02:18] EDIT sctest/views/default/index.html: 0
[2016-06-03 11:02:58] EDIT sctest/views/default/index.html: 0
[2016-06-03 11:03:06] EDIT sctest/views/default/index.html: 0
[2016-06-03 11:03:27] EDIT sctest/controllers/default.py: 0
[2016-06-03 11:03:45] EDIT sctest/views/default/index.html: 0
[2016-06-03 11:30:30] EDIT sctest/views/default/index.html: 5
[2016-06-03 11:30:38] EDIT sctest/views/default/index.html: 0
[2016-06-03 11:30:42] EDIT sctest/views/default/index.html: 0
[2016-06-03 11:33:16] EDIT sctest/views/default/index.html: 8
[2016-06-03 11:34:13] EDIT sctest/views/default/index.html: 0
[2016-06-03 11:36:35] EDIT sctest/views/default/index.html: 0
[2016-06-03 11:37:02] EDIT sctest/views/default/index.html: 0
[2016-06-03 11:37:08] EDIT sctest/views/default/index.html: 0
[2016-06-03 11:40:19] EDIT sctest/views/default/index.html: 0
[2016-06-03 11:40:28] EDIT sctest/views/default/index.html: 0
[2016-06-03 11:41:39] EDIT sctest/views/default/index.html: 0
[2016-06-03 11:41:57] EDIT sctest/views/default/index.html: 0
[2016-06-03 11:42:05] EDIT sctest/views/default/index.html: 0
[2016-06-03 11:43:49] EDIT sctest/views/default/index.html: -1
[2016-06-03 11:44:19] EDIT sctest/views/default/index.html: -1
[2016-06-03 11:45:01] EDIT sctest/views/default/index.html: -1
[2016-06-03 11:45:13] EDIT sctest/views/default/index.html: 0
[2016-06-03 11:47:29] EDIT sctest/views/default/index.html: 4
[2016-06-03 11:48:05] EDIT sctest/views/default/index.html: 0
[2016-06-03 11:50:22] EDIT sctest/views/default/index.html: -1
[2016-06-03 11:50:42] EDIT sctest/views/default/index.html: 0
[2016-06-03 11:52:27] EDIT sctest/views/default/index.html: 0
[2016-06-03 11:53:06] EDIT sctest/views/default/index.html: 2
[2016-06-03 11:53:20] EDIT sctest/views/default/index.html: 0
[2016-06-03 11:53:58] EDIT sctest/views/default/index.html: 4
[2016-06-03 11:55:08] EDIT sctest/views/default/index.html: 0
[2016-06-03 11:55:24] EDIT sctest/views/default/index.html: 0
[2016-06-03 11:56:52] EDIT sctest/views/default/index.html: 0
[2016-06-03 11:58:10] EDIT sctest/views/default/index.html: -2
[2016-06-03 11:58:27] EDIT sctest/views/default/index.html: 0
[2016-06-03 12:03:35] EDIT sctest/views/default/index.html: 0
[2016-06-03 12:04:15] EDIT sctest/views/default/index.html: 2
[2016-06-03 12:04:41] EDIT sctest/views/default/index.html: -2
[2016-06-03 13:06:06] EDIT sctest/views/default/index.html: 0
[2016-06-03 13:06:55] EDIT sctest/views/default/index.html: 5
[2016-06-03 13:09:41] EDIT sctest/views/default/index.html: 2
[2016-06-03 13:10:27] EDIT sctest/views/default/index.html: 0
[2016-06-03 13:10:58] EDIT sctest/views/default/index.html: 0
[2016-06-03 13:12:36] EDIT sctest/views/default/index.html: 0
[2016-06-03 13:12:52] EDIT sctest/views/default/index.html: 5
[2016-06-03 13:13:29] EDIT sctest/views/default/index.html: -10
[2016-06-03 13:13:32] EDIT sctest/controllers/default.py: 0
[2016-06-03 13:13:35] EDIT sctest/views/default/index.html: 0
[2016-06-03 13:13:58] EDIT sctest/views/default/index.html: -2
[2016-06-03 13:17:14] EDIT sctest/views/default/index.html: 4
[2016-06-03 13:18:11] EDIT sctest/views/default/index.html: 4
[2016-06-03 13:18:36] EDIT sctest/views/default/index.html: 0
[2016-06-03 13:18:40] EDIT sctest/views/default/index.html: 0
[2016-06-03 13:21:10] EDIT sctest/views/default/index.html: -4
[2016-06-03 13:22:06] EDIT sctest/views/default/index.html: 6
[2016-06-03 13:22:48] EDIT sctest/views/default/index.html: 0
[2016-06-03 13:23:52] EDIT sctest/views/default/index.html: 6
[2016-06-03 13:25:00] EDIT sctest/views/default/index.html: -8
[2016-06-03 13:25:49] EDIT sctest/views/default/index.html: 8
[2016-06-03 13:26:20] EDIT sctest/views/default/index.html: 1
[2016-06-03 13:26:59] EDIT sctest/views/default/index.html: 1
[2016-06-03 13:27:27] EDIT sctest/views/default/index.html: 0
[2016-06-03 13:27:47] EDIT sctest/views/default/index.html: 0
[2016-06-03 13:27:53] EDIT sctest/views/default/index.html: 0
[2016-06-03 13:27:56] EDIT sctest/views/default/index.html: 0
[2016-06-03 13:28:32] EDIT sctest/views/default/index.html: 0
[2016-06-03 13:31:05] EDIT sctest/views/default/index.html: 0
[2016-06-03 13:33:06] EDIT sctest/views/default/index.html: 0
[2016-06-03 13:33:28] EDIT sctest/views/default/index.html: 0
[2016-06-03 13:34:05] EDIT sctest/views/default/index.html: 0
[2016-06-03 13:35:00] EDIT sctest/views/default/index.html: 0
[2016-06-03 13:36:49] EDIT sctest/controllers/default.py: -1
[2016-06-03 13:37:52] EDIT sctest/controllers/default.py: 6
[2016-06-03 13:38:13] EDIT sctest/controllers/default.py: 2
[2016-06-03 13:38:20] EDIT sctest/controllers/default.py: 0
[2016-06-03 13:38:22] EDIT sctest/controllers/default.py: 0
[2016-06-03 13:39:32] EDIT sctest/controllers/default.py: 0
[2016-06-03 13:40:37] EDIT sctest/controllers/default.py: 4
[2016-06-03 13:41:00] EDIT sctest/controllers/default.py: 4
[2016-06-03 13:41:10] EDIT sctest/controllers/default.py: 0
[2016-06-03 13:42:21] EDIT sctest/controllers/default.py: 2
[2016-06-03 13:43:10] EDIT sctest/views/default/index.html: 3
[2016-06-03 13:44:03] EDIT sctest/views/default/index.html: 0
[2016-06-03 13:45:22] EDIT sctest/views/default/index.html: 0
[2016-06-03 13:46:21] EDIT sctest/views/default/index.html: -1
[2016-11-20 07:50:54] EDIT domotica/models/roll.py: -1
[2016-11-20 07:54:55] EDIT domotica/models/roll.py: 1
[2016-11-20 07:56:53] EDIT domotica/models/roll.py: 0
[2016-11-20 08:16:49] EDIT domotica/models/roll.py: 0
[2016-11-20 08:17:49] EDIT domotica/models/roll.py: 0
[2016-11-20 08:30:39] EDIT domotica/models/roll.py: 1
[2016-11-20 08:31:45] EDIT domotica/models/roll.py: 0
[2016-11-20 08:32:49] EDIT domotica/models/roll.py: -1
[2016-11-20 08:34:28] EDIT domotica/models/roll.py: 4
[2016-11-20 08:35:19] EDIT domotica/models/roll.py: 0
[2016-11-20 08:36:55] EDIT domotica/controllers/default.py: 0
[2016-11-20 08:39:25] EDIT domotica/controllers/default.py: 0
[2016-11-20 08:45:53] EDIT domotica/controllers/default.py: 0
[2016-11-20 08:47:12] EDIT domotica/controllers/default.py: 0
[2016-11-20 08:47:23] EDIT domotica/controllers/default.py: 0
[2016-11-20 08:47:57] EDIT domotica/controllers/default.py: 0
[2016-11-20 08:49:04] EDIT domotica/controllers/default.py: 0
[2016-11-20 08:51:02] EDIT domotica/controllers/default.py: 0
[2016-11-20 08:51:26] EDIT domotica/controllers/default.py: 0
[2016-11-20 08:52:08] EDIT domotica/controllers/default.py: 0
[2016-11-20 08:52:21] EDIT domotica/controllers/default.py: 0
[2016-11-20 08:53:04] EDIT domotica/controllers/default.py: 0
[2016-11-20 08:53:41] EDIT domotica/controllers/default.py: 0
[2016-11-20 08:53:43] EDIT domotica/controllers/default.py: 0
[2016-11-20 08:54:03] EDIT domotica/controllers/default.py: 0
[2016-11-20 08:54:27] EDIT domotica/controllers/default.py: 0
[2016-11-20 08:54:40] EDIT domotica/controllers/default.py: 0
[2016-11-20 08:55:09] EDIT domotica/controllers/default.py: -15
[2016-11-20 08:55:22] EDIT domotica/controllers/default.py: -3
[2016-11-20 08:55:36] EDIT domotica/controllers/default.py: 0
[2016-11-20 08:55:44] EDIT domotica/controllers/default.py: 0
[2016-11-20 08:56:03] EDIT domotica/controllers/default.py: 2
[2016-11-20 08:56:23] EDIT domotica/controllers/default.py: -7
[2016-11-20 08:56:55] EDIT domotica/controllers/default.py: 2
[2016-11-20 08:57:03] EDIT domotica/controllers/default.py: 0
[2016-11-20 08:57:12] EDIT domotica/controllers/default.py: 0
[2016-11-20 08:57:31] EDIT domotica/controllers/default.py: 1
[2016-11-20 08:57:47] EDIT domotica/controllers/default.py: 2
[2016-11-20 08:58:10] EDIT domotica/controllers/default.py: 0
[2016-11-20 08:58:52] EDIT domotica/controllers/default.py: 1
[2016-11-20 09:00:25] EDIT domotica/controllers/default.py: 0
[2016-11-20 09:03:38] EDIT domotica/controllers/default.py: 1
[2016-11-20 09:04:05] EDIT domotica/models/roll.py: 0
[2016-11-20 09:04:41] EDIT domotica/controllers/default.py: 0
[2016-11-20 09:05:15] EDIT domotica/models/roll.py: 0
[2016-11-20 09:05:22] EDIT domotica/models/roll.py: 0
[2016-11-20 09:06:23] EDIT domotica/models/roll.py: 1
[2016-11-20 09:06:49] EDIT domotica/models/roll.py: 0
[2016-11-20 09:06:59] EDIT domotica/models/roll.py: 0
[2016-11-20 09:08:14] EDIT domotica/models/roll.py: 1
[2016-11-20 09:10:11] EDIT domotica/models/roll.py: 0
[2016-11-20 09:47:52] EDIT domotica/models/roll.py: 0
[2016-11-20 09:47:59] EDIT domotica/models/roll.py: 0
[2016-11-20 09:48:25] EDIT domotica/models/roll.py: 0
[2016-11-20 09:48:47] EDIT domotica/models/roll.py: 0
[2016-11-20 09:49:13] EDIT domotica/models/roll.py: 0
[2016-11-20 09:49:55] EDIT domotica/models/roll.py: 0
[2016-11-20 09:50:05] EDIT domotica/controllers/default.py: 0
[2016-11-20 09:51:59] EDIT domotica/controllers/default.py: 3
[2016-11-20 09:53:39] EDIT domotica/controllers/default.py: 0
[2016-11-20 09:54:02] EDIT domotica/models/roll.py: -1
[2016-11-20 09:55:42] EDIT domotica/controllers/default.py: 3
[2016-11-20 09:56:30] EDIT domotica/controllers/default.py: 0
[2016-11-20 09:58:30] EDIT domotica/controllers/default.py: 3
[2016-11-20 09:59:07] EDIT domotica/controllers/default.py: -3
[2016-11-20 09:59:15] EDIT domotica/controllers/default.py: 0
[2016-11-20 09:59:52] EDIT domotica/controllers/default.py: 2
[2016-11-20 10:00:36] EDIT domotica/controllers/default.py: 1
[2016-11-20 10:01:02] EDIT domotica/controllers/default.py: 3
[2016-11-20 10:02:31] EDIT domotica/controllers/default.py: 0
[2016-11-20 10:04:41] EDIT domotica/controllers/default.py: 0
[2016-11-20 10:05:20] EDIT domotica/controllers/default.py: -5
[2016-11-20 10:05:35] EDIT domotica/controllers/default.py: 0
[2016-11-20 10:06:31] EDIT domotica/controllers/default.py: 0
[2016-11-20 10:07:01] EDIT domotica/controllers/default.py: 0
[2016-11-20 10:07:18] EDIT domotica/controllers/default.py: 0
[2016-11-20 10:08:06] EDIT domotica/controllers/default.py: 0
[2016-11-20 10:10:25] EDIT domotica/models/scheduer.py: 0
[2016-11-20 10:10:44] EDIT domotica/models/scheduer.py: 1
[2016-11-20 10:11:52] EDIT domotica/models/scheduer.py: 1
[2016-11-20 10:23:03] EDIT domotica/controllers/default.py: 0
[2016-11-20 10:24:12] EDIT domotica/controllers/default.py: 0
[2016-11-20 10:35:29] EDIT domotica/models/roll.py: 1
[2016-11-20 10:40:00] EDIT domotica/models/roll.py: 1
[2016-11-20 10:41:38] EDIT domotica/models/roll.py: 1
[2016-11-20 10:41:57] EDIT domotica/models/roll.py: 0
[2016-11-20 10:46:14] EDIT domotica/models/roll.py: 0
[2016-11-20 10:46:23] EDIT domotica/models/roll.py: 0
[2016-11-20 10:47:08] EDIT domotica/models/roll.py: 3
[2016-11-20 10:51:15] EDIT domotica/controllers/default.py: 2
[2016-11-20 10:51:29] EDIT domotica/controllers/default.py: 0
[2016-11-20 10:52:49] EDIT domotica/controllers/default.py: 0
[2016-11-20 10:58:25] EDIT domotica/models/roll.py: 0
[2016-11-20 10:58:58] EDIT domotica/controllers/default.py: 1
[2016-11-20 10:59:11] EDIT domotica/controllers/default.py: -1
[2016-11-20 10:59:41] EDIT domotica/controllers/default.py: 0
[2016-11-20 11:01:02] EDIT domotica/controllers/default.py: -1
[2016-11-20 11:17:24] EDIT domotica/models/roll.py: -59
[2016-11-20 11:17:59] DELETE domotica/models/roll.py: 0
[2016-11-20 11:20:11] EDIT domotica/models/db.py: 2
[2016-11-20 11:20:56] EDIT domotica/controllers/default.py: 52
[2016-11-20 11:22:20] EDIT domotica/controllers/default.py: 0
[2016-11-20 11:23:07] EDIT domotica/controllers/default.py: 0
[2016-11-20 11:23:26] EDIT domotica/controllers/default.py: 1
[2016-11-20 11:23:48] EDIT domotica/controllers/default.py: 0
[2016-11-20 11:24:30] EDIT domotica/controllers/default.py: 0
[2016-11-20 11:25:03] EDIT domotica/controllers/default.py: 3
[2016-11-20 11:29:23] EDIT domotica/controllers/default.py: 0
[2016-11-20 11:32:05] EDIT domotica/models/db.py: 10
[2016-11-20 11:32:30] EDIT domotica/models/db.py: 39
[2016-11-20 11:34:00] EDIT domotica/models/db.py: -2
[2016-11-20 11:34:58] EDIT domotica/models/db.py: 0
[2016-11-20 11:36:06] EDIT domotica/models/scheduer.py: 2
[2016-11-20 11:40:57] EDIT domotica/models/scheduer.py: 0
[2016-11-20 11:44:16] EDIT domotica/models/scheduer.py: 8
[2016-11-20 11:44:20] EDIT domotica/models/scheduer.py: 0
[2016-11-20 11:44:28] EDIT domotica/models/scheduer.py: -1
[2016-11-20 11:44:52] EDIT domotica/models/scheduer.py: -17
[2016-11-20 11:45:10] EDIT domotica/models/scheduer.py: -1
[2016-11-20 11:45:16] EDIT domotica/models/scheduer.py: 0
[2016-11-20 11:51:30] EDIT domotica/models/db.py: -1
[2016-11-20 12:02:42] EDIT domotica/models/scheduer.py: 0
[2016-11-20 12:21:36] EDIT domotica/models/scheduer.py: -3
[2016-11-20 12:22:36] EDIT domotica/controllers/default.py: -50
[2016-11-20 12:45:51] EDIT domotica/controllers/default.py: 1
[2016-11-20 12:46:13] EDIT domotica/models/scheduer.py: -1
[2016-11-20 12:46:40] EDIT domotica/models/db.py: 5
[2016-11-20 12:48:09] EDIT domotica/models/scheduer.py: -1
[2016-11-20 12:51:00] EDIT domotica/controllers/default.py: -2
[2016-11-20 13:07:24] EDIT domotica/models/db.py: 0
[2016-11-20 13:07:45] EDIT domotica/models/db.py: 0
[2016-11-20 13:08:08] EDIT domotica/models/scheduer.py: 0
[2016-11-20 13:09:13] EDIT domotica/controllers/default.py: 1
