timestamp: 2016-06-03T08:29:29.832000
CREATE TABLE auth_user(
    id INTEGER PRIMARY KEY AUTOINCREMENT,
    first_name CHAR(128),
    last_name CHAR(128),
    email CHAR(512),
    password CHAR(512),
    registration_key CHAR(512),
    reset_password_key CHAR(512),
    registration_id CHAR(512)
);
success!
timestamp: 2016-06-03T08:29:30.710000
CREATE TABLE auth_group(
    id INTEGER PRIMARY KEY AUTOINCREMENT,
    role CHAR(512),
    description TEXT
);
success!
timestamp: 2016-06-03T08:29:30.788000
CREATE TABLE auth_membership(
    id INTEGER PRIMARY KEY AUTOINCREMENT,
    user_id INTEGER REFERENCES auth_user (id) ON DELETE CASCADE  ,
    group_id INTEGER REFERENCES auth_group (id) ON DELETE CASCADE  
);
success!
timestamp: 2016-06-03T08:29:30.920000
CREATE TABLE auth_permission(
    id INTEGER PRIMARY KEY AUTOINCREMENT,
    group_id INTEGER REFERENCES auth_group (id) ON DELETE CASCADE  ,
    name CHAR(512),
    table_name CHAR(512),
    record_id INTEGER
);
success!
timestamp: 2016-06-03T08:29:31.036000
CREATE TABLE auth_event(
    id INTEGER PRIMARY KEY AUTOINCREMENT,
    time_stamp TIMESTAMP,
    client_ip CHAR(512),
    user_id INTEGER REFERENCES auth_user (id) ON DELETE CASCADE  ,
    origin CHAR(512),
    description TEXT
);
success!
timestamp: 2016-06-03T08:29:31.099000
CREATE TABLE auth_cas(
    id INTEGER PRIMARY KEY AUTOINCREMENT,
    user_id INTEGER REFERENCES auth_user (id) ON DELETE CASCADE  ,
    created_on TIMESTAMP,
    service CHAR(512),
    ticket CHAR(512),
    renew CHAR(1)
);
success!
timestamp: 2016-06-03T08:30:55.472000
CREATE TABLE scheduler_task(
    id INTEGER PRIMARY KEY AUTOINCREMENT,
    application_name CHAR(512),
    task_name CHAR(512),
    group_name CHAR(512),
    status CHAR(512),
    function_name CHAR(512),
    uuid CHAR(255) UNIQUE,
    args TEXT,
    vars TEXT,
    enabled CHAR(1),
    start_time TIMESTAMP,
    next_run_time TIMESTAMP,
    stop_time TIMESTAMP,
    repeats INTEGER,
    retry_failed INTEGER,
    period INTEGER,
    prevent_drift CHAR(1),
    timeout INTEGER,
    sync_output INTEGER,
    times_run INTEGER,
    times_failed INTEGER,
    last_run_time TIMESTAMP,
    assigned_worker_name CHAR(512)
);
success!
timestamp: 2016-06-03T08:30:55.684000
CREATE TABLE scheduler_run(
    id INTEGER PRIMARY KEY AUTOINCREMENT,
    task_id INTEGER REFERENCES scheduler_task (id) ON DELETE CASCADE  ,
    status CHAR(512),
    start_time TIMESTAMP,
    stop_time TIMESTAMP,
    run_output TEXT,
    run_result TEXT,
    traceback TEXT,
    worker_name CHAR(512)
);
success!
timestamp: 2016-06-03T08:30:55.851000
CREATE TABLE scheduler_worker(
    id INTEGER PRIMARY KEY AUTOINCREMENT,
    worker_name CHAR(255) UNIQUE,
    first_heartbeat TIMESTAMP,
    last_heartbeat TIMESTAMP,
    status CHAR(512),
    is_ticker CHAR(1),
    group_names TEXT,
    worker_stats TEXT
);
success!
timestamp: 2016-06-03T08:30:55.984000
CREATE TABLE scheduler_task_deps(
    id INTEGER PRIMARY KEY AUTOINCREMENT,
    job_name CHAR(512),
    task_parent INTEGER,
    task_child INTEGER REFERENCES scheduler_task (id) ON DELETE CASCADE  ,
    can_visit CHAR(1)
);
success!
